[2024-07-02 15:28:49] Starting user avatar update process
[2024-07-02 15:28:49] Requesting users with offset 0 and chunk size 50
[2024-07-02 15:28:49] Local user not found for ID: 666813f947ba95087
[2024-07-02 15:28:49] No avatar ID for user: aledo_sklad
[2024-07-02 15:28:49] Local user not found for ID: 65013dd1cd49f7710
[2024-07-02 15:28:49] No avatar ID for user: alisadmin
[2024-07-02 15:28:49] Updated avatar for user: aruuke.asylbekova
[2024-07-02 15:28:49] No avatar ID for user: avneet.kang
[2024-07-02 15:28:49] No avatar ID for user: ayedun.oluwatoyosi
[2024-07-02 15:28:49] Updated avatar for user: barbora.valtarova
[2024-07-02 15:28:49] No avatar ID for user: bernd.schraeder
[2024-07-02 15:28:49] Local user not found for ID: 6544df61c8fc7635d
[2024-07-02 15:28:49] No avatar ID for user: dagmar.pistakova.alis
[2024-07-02 15:28:49] Updated avatar for user: daniel.rycka
[2024-07-02 15:28:49] Updated avatar for user: daniela.pimentel
[2024-07-02 15:28:49] No avatar ID for user: project.alis-tech.com
[2024-07-02 15:28:50] Updated avatar for user: denisa.zochova
[2024-07-02 15:28:50] No avatar ID for user: diana.seifriedova
[2024-07-02 15:28:50] No avatar ID for user: dominik.kadlcek
[2024-07-02 15:28:50] Local user not found for ID: 660e46696a0c3cbbf
[2024-07-02 15:28:50] No avatar ID for user: dominika.rozsivalova
[2024-07-02 15:28:50] Local user not found for ID: 65f7fce0ac2dff732
[2024-07-02 15:28:50] No avatar ID for user: georg.doerner
[2024-07-02 15:28:50] No avatar ID for user: helena.svobodova
[2024-07-02 15:28:50] Local user not found for ID: 65b0ce5bde663c917
[2024-07-02 15:28:50] Updated avatar for user: jakub.snizek
[2024-07-02 15:28:50] No avatar ID for user: jan.kozel
[2024-07-02 15:28:50] No avatar ID for user: jan.vareka
[2024-07-02 15:28:50] No avatar ID for user: jeseno
[2024-07-02 15:28:50] Local user not found for ID: 65c0b42d1895a7b68
[2024-07-02 15:28:50] Updated avatar for user: jiri.krejci
[2024-07-02 15:28:50] Updated avatar for user: jiri.stencel
[2024-07-02 15:28:50] No avatar ID for user: josef.bogar
[2024-07-02 15:28:50] Updated avatar for user: josef.hrabal
[2024-07-02 15:28:50] No avatar ID for user: jozef.liptak
[2024-07-02 15:28:50] Local user not found for ID: 66336dcd50c696358
[2024-07-02 15:28:50] Updated avatar for user: kateryna.malovana
[2024-07-02 15:28:50] No avatar ID for user: lukas.drapac
[2024-07-02 15:28:50] No avatar ID for user: marek.chytil
[2024-07-02 15:28:50] Local user not found for ID: 64f5a5f2b4e5b4789
[2024-07-02 15:28:50] No avatar ID for user: marta
[2024-07-02 15:28:50] No avatar ID for user: martin.sevcik
[2024-07-02 15:28:50] Local user not found for ID: 653a0d274fab036fc
[2024-07-02 15:28:50] Local user not found for ID: 660e46278cfa7574d
[2024-07-02 15:28:50] No avatar ID for user: michaela.hrabetova
[2024-07-02 15:28:50] No avatar ID for user: michal.molovcak
[2024-07-02 15:28:50] Updated avatar for user: miloslav.krejci
[2024-07-02 15:28:50] No avatar ID for user: miro.mandel
[2024-07-02 15:28:50] Updated avatar for user: miroslav.tobola
[2024-07-02 15:28:50] No avatar ID for user: nemec
[2024-07-02 15:28:50] No avatar ID for user: ondrej.bartosik
[2024-07-02 15:28:50] Updated avatar for user: ondrej.flek
[2024-07-02 15:28:50] Requesting users with offset 50 and chunk size 50
[2024-07-02 15:28:50] Local user not found for ID: 6528ed9c54e0370f9
[2024-07-02 15:28:50] No avatar ID for user: ondrej.sukup
[2024-07-02 15:28:50] Updated avatar for user: patrik.rybnicek
[2024-07-02 15:28:50] No avatar ID for user: petr.kostiha
[2024-07-02 15:28:50] Updated avatar for user: josef.bogar.office
[2024-07-02 15:28:50] Local user not found for ID: asdf
[2024-07-02 15:28:50] No avatar ID for user: romana.ctvrtlikova
[2024-07-02 15:28:50] Local user not found for ID: 64f9d5742e65914e8
[2024-07-02 15:28:50] No avatar ID for user: sergij.cernicko
[2024-07-02 15:28:50] No avatar ID for user: stanislav.zednik
[2024-07-02 15:28:50] No avatar ID for user: svetlana.sramek
[2024-07-02 15:28:50] No avatar ID for user: test
[2024-07-02 15:28:50] No avatar ID for user: test2
[2024-07-02 15:28:50] Local user not found for ID: 65b0d7c0d86fc9ecb
[2024-07-02 15:28:50] Updated avatar for user: tomas.prikryl
[2024-07-02 15:28:51] Updated avatar for user: uctarna
[2024-07-02 15:28:51] Local user not found for ID: 65c61984ddd7836d8
[2024-07-02 15:28:51] No avatar ID for user: vyroba
[2024-07-02 15:28:51] Updated avatar for user: zuzana.junkerova
[2024-07-02 15:28:51] Requesting users with offset 100 and chunk size 50
[2024-07-02 15:28:51] No more users to process
[2024-07-02 15:28:51] User avatar update process completed.
[2024-07-02 15:31:12] Starting user avatar update process
[2024-07-02 15:31:12] Requesting users with offset 0 and chunk size 50
[2024-07-02 15:31:12] Local user not found for ID: 666813f947ba95087
[2024-07-02 15:31:12] No avatar ID for user: aledo_sklad
[2024-07-02 15:31:12] Local user not found for ID: 65013dd1cd49f7710
[2024-07-02 15:31:12] No avatar ID for user: alisadmin
[2024-07-02 15:31:12] Updated avatar for user: aruuke.asylbekova
[2024-07-02 15:31:12] No avatar ID for user: avneet.kang
[2024-07-02 15:31:12] No avatar ID for user: ayedun.oluwatoyosi
[2024-07-02 15:31:12] Updated avatar for user: barbora.valtarova
[2024-07-02 15:31:12] No avatar ID for user: bernd.schraeder
[2024-07-02 15:31:12] Local user not found for ID: 6544df61c8fc7635d
[2024-07-02 15:31:12] No avatar ID for user: dagmar.pistakova.alis
[2024-07-02 15:31:12] Updated avatar for user: daniel.rycka
[2024-07-02 15:31:12] Updated avatar for user: daniela.pimentel
[2024-07-02 15:31:12] No avatar ID for user: project.alis-tech.com
[2024-07-02 15:31:12] Updated avatar for user: denisa.zochova
[2024-07-02 15:31:12] No avatar ID for user: diana.seifriedova
[2024-07-02 15:31:12] No avatar ID for user: dominik.kadlcek
[2024-07-02 15:31:12] Local user not found for ID: 660e46696a0c3cbbf
[2024-07-02 15:31:12] No avatar ID for user: dominika.rozsivalova
[2024-07-02 15:31:12] Local user not found for ID: 65f7fce0ac2dff732
[2024-07-02 15:31:12] No avatar ID for user: georg.doerner
[2024-07-02 15:31:12] No avatar ID for user: helena.svobodova
[2024-07-02 15:31:12] Local user not found for ID: 65b0ce5bde663c917
[2024-07-02 15:31:12] Updated avatar for user: jakub.snizek
[2024-07-02 15:31:12] No avatar ID for user: jan.kozel
[2024-07-02 15:31:12] No avatar ID for user: jan.vareka
[2024-07-02 15:31:12] No avatar ID for user: jeseno
[2024-07-02 15:31:12] Local user not found for ID: 65c0b42d1895a7b68
[2024-07-02 15:31:12] Updated avatar for user: jiri.krejci
[2024-07-02 15:31:12] Updated avatar for user: jiri.stencel
[2024-07-02 15:31:12] No avatar ID for user: josef.bogar
[2024-07-02 15:31:13] Updated avatar for user: josef.hrabal
[2024-07-02 15:31:13] No avatar ID for user: jozef.liptak
[2024-07-02 15:31:13] Local user not found for ID: 66336dcd50c696358
[2024-07-02 15:31:13] Updated avatar for user: kateryna.malovana
[2024-07-02 15:31:13] No avatar ID for user: lukas.drapac
[2024-07-02 15:31:13] No avatar ID for user: marek.chytil
[2024-07-02 15:31:13] Local user not found for ID: 64f5a5f2b4e5b4789
[2024-07-02 15:31:13] No avatar ID for user: marta
[2024-07-02 15:31:13] No avatar ID for user: martin.sevcik
[2024-07-02 15:31:13] Local user not found for ID: 653a0d274fab036fc
[2024-07-02 15:31:13] Local user not found for ID: 660e46278cfa7574d
[2024-07-02 15:31:13] No avatar ID for user: michaela.hrabetova
[2024-07-02 15:31:13] No avatar ID for user: michal.molovcak
[2024-07-02 15:31:13] Updated avatar for user: miloslav.krejci
[2024-07-02 15:31:13] No avatar ID for user: miro.mandel
[2024-07-02 15:31:13] Updated avatar for user: miroslav.tobola
[2024-07-02 15:31:13] No avatar ID for user: nemec
[2024-07-02 15:31:13] No avatar ID for user: ondrej.bartosik
[2024-07-02 15:31:13] Updated avatar for user: ondrej.flek
[2024-07-02 15:31:13] Requesting users with offset 50 and chunk size 50
[2024-07-02 15:31:13] Local user not found for ID: 6528ed9c54e0370f9
[2024-07-02 15:31:13] No avatar ID for user: ondrej.sukup
[2024-07-02 15:31:13] Updated avatar for user: patrik.rybnicek
[2024-07-02 15:31:13] No avatar ID for user: petr.kostiha
[2024-07-02 15:31:13] Updated avatar for user: josef.bogar.office
[2024-07-02 15:31:13] Local user not found for ID: asdf
[2024-07-02 15:31:13] No avatar ID for user: romana.ctvrtlikova
[2024-07-02 15:31:13] Local user not found for ID: 64f9d5742e65914e8
[2024-07-02 15:31:13] No avatar ID for user: sergij.cernicko
[2024-07-02 15:31:13] No avatar ID for user: stanislav.zednik
[2024-07-02 15:31:13] No avatar ID for user: svetlana.sramek
[2024-07-02 15:31:13] No avatar ID for user: test
[2024-07-02 15:31:13] No avatar ID for user: test2
[2024-07-02 15:31:13] Local user not found for ID: 65b0d7c0d86fc9ecb
[2024-07-02 15:31:13] Updated avatar for user: tomas.prikryl
[2024-07-02 15:31:13] Updated avatar for user: uctarna
[2024-07-02 15:31:13] Local user not found for ID: 65c61984ddd7836d8
[2024-07-02 15:31:13] No avatar ID for user: vyroba
[2024-07-02 15:31:13] Updated avatar for user: zuzana.junkerova
[2024-07-02 15:31:13] Requesting users with offset 100 and chunk size 50
[2024-07-02 15:31:13] No more users to process
[2024-07-02 15:31:13] User avatar update process completed.
[2024-07-02 15:44:14] Starting user avatar update process
[2024-07-02 15:44:14] Requesting users with offset 0 and chunk size 50
[2024-07-02 15:44:14] Local user not found for username: adelana.nakladalova
[2024-07-02 15:44:14] No avatar ID for user: aledo_sklad
[2024-07-02 15:44:14] Local user not found for username: alexandr_roman
[2024-07-02 15:44:14] No avatar ID for user: alisadmin
[2024-07-02 15:44:14] Updated avatar for user: aruuke.asylbekova
[2024-07-02 15:44:14] No avatar ID for user: avneet.kang
[2024-07-02 15:44:14] No avatar ID for user: ayedun.oluwatoyosi
[2024-07-02 15:44:14] Updated avatar for user: barbora.valtarova
[2024-07-02 15:44:14] No avatar ID for user: bernd.schraeder
[2024-07-02 15:44:14] No avatar ID for user: dagmar.pistakova
[2024-07-02 15:44:14] No avatar ID for user: dagmar.pistakova.alis
[2024-07-02 15:44:14] Updated avatar for user: daniel.rycka
[2024-07-02 15:44:14] Updated avatar for user: daniela.pimentel
[2024-07-02 15:44:14] Local user not found for username: david
[2024-07-02 15:44:14] Updated avatar for user: denisa.zochova
[2024-07-02 15:44:14] No avatar ID for user: diana.seifriedova
[2024-07-02 15:44:14] No avatar ID for user: dominik.kadlcek
[2024-07-02 15:44:14] No avatar ID for user: dominik.lakomy
[2024-07-02 15:44:14] No avatar ID for user: dominika.rozsivalova
[2024-07-02 15:44:14] No avatar ID for user: eva.navratilova
[2024-07-02 15:44:14] No avatar ID for user: georg.doerner
[2024-07-02 15:44:14] No avatar ID for user: helena.svobodova
[2024-07-02 15:44:14] No avatar ID for user: iveta.hrabalova
[2024-07-02 15:44:15] Updated avatar for user: jakub.snizek
[2024-07-02 15:44:15] No avatar ID for user: jan.kozel
[2024-07-02 15:44:15] No avatar ID for user: jan.vareka
[2024-07-02 15:44:15] No avatar ID for user: jeseno
[2024-07-02 15:44:15] No avatar ID for user: jiri.binkner
[2024-07-02 15:44:15] Updated avatar for user: jiri.krejci
[2024-07-02 15:44:15] Updated avatar for user: jiri.stencel
[2024-07-02 15:44:15] No avatar ID for user: josef.bogar
[2024-07-02 15:44:15] Updated avatar for user: josef.hrabal
[2024-07-02 15:44:15] No avatar ID for user: jozef.liptak
[2024-07-02 15:44:15] No avatar ID for user: kamila.tomaskova
[2024-07-02 15:44:15] Updated avatar for user: kateryna.malovana
[2024-07-02 15:44:15] No avatar ID for user: lukas.drapac
[2024-07-02 15:44:15] No avatar ID for user: marek.chytil
[2024-07-02 15:44:15] No avatar ID for user: marketa.navratilova
[2024-07-02 15:44:15] No avatar ID for user: marta
[2024-07-02 15:44:15] No avatar ID for user: martin.sevcik
[2024-07-02 15:44:15] No avatar ID for user: martina.tomanova
[2024-07-02 15:44:15] No avatar ID for user: matej.bartunek
[2024-07-02 15:44:15] No avatar ID for user: michaela.hrabetova
[2024-07-02 15:44:15] No avatar ID for user: michal.molovcak
[2024-07-02 15:44:15] Updated avatar for user: miloslav.krejci
[2024-07-02 15:44:15] No avatar ID for user: miro.mandel
[2024-07-02 15:44:15] Updated avatar for user: miroslav.tobola
[2024-07-02 15:44:15] No avatar ID for user: nemec
[2024-07-02 15:44:15] No avatar ID for user: ondrej.bartosik
[2024-07-02 15:44:15] Updated avatar for user: ondrej.flek
[2024-07-02 15:44:15] Requesting users with offset 50 and chunk size 50
[2024-07-02 15:44:15] No avatar ID for user: ondrej.matousek
[2024-07-02 15:44:15] No avatar ID for user: ondrej.sukup
[2024-07-02 15:44:15] Updated avatar for user: patrik.rybnicek
[2024-07-02 15:44:15] No avatar ID for user: petr.kostiha
[2024-07-02 15:44:15] Local user not found for username: petr.sulc
[2024-07-02 15:44:15] No avatar ID for user: project.alis-tech.com
[2024-07-02 15:44:15] No avatar ID for user: romana.ctvrtlikova
[2024-07-02 15:44:15] No avatar ID for user: sara.qasemova
[2024-07-02 15:44:15] No avatar ID for user: sergij.cernicko
[2024-07-02 15:44:15] No avatar ID for user: stanislav.zednik
[2024-07-02 15:44:15] No avatar ID for user: svetlana.sramek
[2024-07-02 15:44:15] No avatar ID for user: test
[2024-07-02 15:44:15] No avatar ID for user: test2
[2024-07-02 15:44:15] No avatar ID for user: tomas.grulich
[2024-07-02 15:44:15] Updated avatar for user: tomas.prikryl
[2024-07-02 15:44:15] Updated avatar for user: uctarna
[2024-07-02 15:44:15] No avatar ID for user: vit.hert
[2024-07-02 15:44:15] No avatar ID for user: vyroba
[2024-07-02 15:44:15] Updated avatar for user: zuzana.junkerova
[2024-07-02 15:44:15] Requesting users with offset 100 and chunk size 50
[2024-07-02 15:44:15] No more users to process
[2024-07-02 15:44:15] User avatar update process completed.
